java.lang.reflect.InvocationTargetException
	at sun.reflect.NativeMethodAccessorImpl.invoke0(Native Method)
	at sun.reflect.NativeMethodAccessorImpl.invoke(NativeMethodAccessorImpl.java:62)
	at sun.reflect.DelegatingMethodAccessorImpl.invoke(DelegatingMethodAccessorImpl.java:43)
	at java.lang.reflect.Method.invoke(Method.java:498)
	at org.eclipse.jdt.internal.jarinjarloader.JarRsrcLoader.main(JarRsrcLoader.java:58)
	at sun.reflect.NativeMethodAccessorImpl.invoke0(Native Method)
	at sun.reflect.NativeMethodAccessorImpl.invoke(NativeMethodAccessorImpl.java:62)
	at sun.reflect.DelegatingMethodAccessorImpl.invoke(DelegatingMethodAccessorImpl.java:43)
	at java.lang.reflect.Method.invoke(Method.java:498)
	at com.exe4j.runtime.LauncherEngine.launch(LauncherEngine.java:85)
	at com.exe4j.runtime.WinLauncher.main(WinLauncher.java:94)
Caused by: java.lang.NullPointerException
	at java.lang.String.<init>(String.java:166)
	at OutputData.feihu.OutputDataUtil?狐.getOutputData(OutputDataUtil?狐.java:47)
	at ConvertTool.impl.StockDataHistoryDayConvertTool.getByte(StockDataHistoryDayConvertTool.java:231)
	at ConvertTool.impl.StockDataHistoryDayConvertTool.解析?一行的数据(StockDataHistoryDayConvertTool.java:208)
	at ConvertTool.impl.StockDataHistoryDayConvertTool.将入力文件的内容?成Byte(StockDataHistoryDayConvertTool.java:127)
	at ConvertTool.impl.StockDataHistoryDayConvertTool.?出到文件(StockDataHistoryDayConvertTool.java:67)
	at StockDataConvertTool.main(StockDataConvertTool.java:24)
	... 11 more
