java.lang.reflect.InvocationTargetException
	at sun.reflect.NativeMethodAccessorImpl.invoke0(Native Method)
	at sun.reflect.NativeMethodAccessorImpl.invoke(NativeMethodAccessorImpl.java:62)
	at sun.reflect.DelegatingMethodAccessorImpl.invoke(DelegatingMethodAccessorImpl.java:43)
	at java.lang.reflect.Method.invoke(Method.java:498)
	at org.eclipse.jdt.internal.jarinjarloader.JarRsrcLoader.main(JarRsrcLoader.java:58)
	at sun.reflect.NativeMethodAccessorImpl.invoke0(Native Method)
	at sun.reflect.NativeMethodAccessorImpl.invoke(NativeMethodAccessorImpl.java:62)
	at sun.reflect.DelegatingMethodAccessorImpl.invoke(DelegatingMethodAccessorImpl.java:43)
	at java.lang.reflect.Method.invoke(Method.java:498)
	at com.exe4j.runtime.LauncherEngine.launch(LauncherEngine.java:85)
	at com.exe4j.runtime.WinLauncher.main(WinLauncher.java:94)
Caused by: java.lang.UnsatisfiedLinkError: Unable to load library 'TdxHqApi20991230.dll': Native library (win32-x86/TdxHqApi20991230.dll) not found in resource path ([rsrc:./, jar:rsrc:commons-io-2.6.jar!/, jar:rsrc:commons-lang3-3.8.jar!/, jar:rsrc:jna-4.2.1.jar!/, jar:rsrc:lombok.jar!/])
	at com.sun.jna.NativeLibrary.loadLibrary(NativeLibrary.java:277)
	at com.sun.jna.NativeLibrary.getInstance(NativeLibrary.java:403)
	at com.sun.jna.Library$Handler.<init>(Library.java:147)
	at com.sun.jna.Native.loadLibrary(Native.java:502)
	at com.sun.jna.Native.loadLibrary(Native.java:481)
	at InputData.TdxHqApi209912301.getConnect(TdxHqApi209912301.java:234)
	at InputData.InputDataUtil.éÊìæç≈ç@åà’ì˙ìIêîêò(InputDataUtil.java:26)
	at ConvertTool.impl.StockDataOneDayConvertTool.?èoìûï∂åè2(StockDataOneDayConvertTool.java:108)
	at StockDataConvertTool.main(StockDataConvertTool.java:20)
	... 11 more
